[    1576ms] [ERROR] Error: <rect> attribute height: A negative value is not valid. ("-10") @ https://polymarket.com/_next/static/chunks/bae331aba0288cfe.js?dpl=dpl_6aVsRk7UKJmyDjHYT7eJnNDCpQXK:16
[    1577ms] [ERROR] Error: <rect> attribute height: A negative value is not valid. ("-10") @ https://polymarket.com/_next/static/chunks/bae331aba0288cfe.js?dpl=dpl_6aVsRk7UKJmyDjHYT7eJnNDCpQXK:16
[    1590ms] [ERROR] Error: <rect> attribute height: A negative value is not valid. ("-10") @ https://polymarket.com/_next/static/chunks/bae331aba0288cfe.js?dpl=dpl_6aVsRk7UKJmyDjHYT7eJnNDCpQXK:16
[    1755ms] [ERROR] Failed to load resource: the server responded with a status of 422 () @ https://gamma-api.polymarket.com/is-logged-in:0
[    2114ms] [WARNING] Datadog Browser SDK: SDK is loaded more than once. This is unsupported and might have unexpected behavior. @ https://polymarket.com/_next/static/chunks/bae331aba0288cfe.js?dpl=dpl_6aVsRk7UKJmyDjHYT7eJnNDCpQXK:5
[    2155ms] [WARNING] RelaySDK automatically generated a source based on the url, we recommend providing a source when initializing the sdk. Refer to our docs for steps on how to do this: https://docs.relay.link/references/sdk/getting-started#configuration @ https://polymarket.com/_next/static/chunks/bae331aba0288cfe.js?dpl=dpl_6aVsRk7UKJmyDjHYT7eJnNDCpQXK:5
[    2268ms] [ERROR] Failed to load resource: net::ERR_CERT_AUTHORITY_INVALID @ https://analytics.tiktok.com/i18n/pixel/events.js?sdkid=D2EB49JC77U067DPLNBG&lib=ttq:0
[    2339ms] [ERROR] Failed to load resource: net::ERR_CERT_AUTHORITY_INVALID @ https://tr.snapchat.com/p:0
[    2339ms] [ERROR] Failed to load resource: net::ERR_CERT_AUTHORITY_INVALID @ https://tr.snapchat.com/config/com/e8fb67d5-9099-4de2-9750-2c66ef553d13.json?v=3.54.0-2512101929:0
[    2373ms] [WARNING] Datadog Browser SDK: Customer data exceeds the recommended 3KiB threshold. More details: https://docs.datadoghq.com/real_user_monitoring/browser/troubleshooting/#customer-data-exceeds-the-recommended-threshold-warning @ https://polymarket.com/_next/static/chunks/bae331aba0288cfe.js?dpl=dpl_6aVsRk7UKJmyDjHYT7eJnNDCpQXK:5
[    2586ms] [ERROR] Attestation check for Attribution Reporting on https://www.google-analytics.com failed. @ https://polymarket.com/profile/0x6031b6eed1c97e853c6e0f03ad3ce3529351f96d:0
[    2694ms] [WARNING] @next/third-parties: GA has not been initialized @ https://polymarket.com/_next/static/chunks/bae331aba0288cfe.js?dpl=dpl_6aVsRk7UKJmyDjHYT7eJnNDCpQXK:5
[    2744ms] [ERROR] Failed to load resource: net::ERR_CERT_AUTHORITY_INVALID @ https://tr.snapchat.com/config/com/e8fb67d5-9099-4de2-9750-2c66ef553d13.json?v=3.54.0-2512101929:0
[    3105ms] [ERROR] Datadog Browser SDK: DD_LOGS is already initialized. @ https://polymarket.com/_next/static/chunks/bae331aba0288cfe.js?dpl=dpl_6aVsRk7UKJmyDjHYT7eJnNDCpQXK:5
[    3105ms] [ERROR] Datadog Browser SDK: DD_RUM is already initialized. @ https://polymarket.com/_next/static/chunks/bae331aba0288cfe.js?dpl=dpl_6aVsRk7UKJmyDjHYT7eJnNDCpQXK:5
[    3133ms] [ERROR] Failed to load resource: net::ERR_CERT_AUTHORITY_INVALID @ https://tr.snapchat.com/config/com/e8fb67d5-9099-4de2-9750-2c66ef553d13.json?v=3.54.0-2512101929:0
[    3413ms] [WARNING] @next/third-parties: GA has not been initialized @ https://polymarket.com/_next/static/chunks/bae331aba0288cfe.js?dpl=dpl_6aVsRk7UKJmyDjHYT7eJnNDCpQXK:5
[    3785ms] [ERROR] Attestation check for Attribution Reporting on https://www.google-analytics.com failed. @ https://polymarket.com/@gabagool22:0
[    4721ms] [WARNING] @next/third-parties: GA has not been initialized @ https://polymarket.com/_next/static/chunks/bae331aba0288cfe.js?dpl=dpl_6aVsRk7UKJmyDjHYT7eJnNDCpQXK:5
[    5752ms] [ERROR] Attestation check for Attribution Reporting on https://www.google-analytics.com failed. @ https://polymarket.com/@gabagool22?tab=activity:0
[    7176ms] [ERROR] Failed to load resource: net::ERR_CERT_AUTHORITY_INVALID @ https://tr.snapchat.com/p:0
