[    1112ms] [ERROR] Error: <rect> attribute height: A negative value is not valid. ("-10") @ https://polymarket.com/_next/static/chunks/43850efaacf5e4cc.js?dpl=dpl_FXwfxHFfZ7imvGP4W9pFL7z9rC6x:16
[    1112ms] [ERROR] Error: <rect> attribute height: A negative value is not valid. ("-10") @ https://polymarket.com/_next/static/chunks/43850efaacf5e4cc.js?dpl=dpl_FXwfxHFfZ7imvGP4W9pFL7z9rC6x:16
[    1185ms] [WARNING] Datadog Browser SDK: SDK is loaded more than once. This is unsupported and might have unexpected behavior. @ https://polymarket.com/_next/static/chunks/43850efaacf5e4cc.js?dpl=dpl_FXwfxHFfZ7imvGP4W9pFL7z9rC6x:5
[    1225ms] [WARNING] RelaySDK automatically generated a source based on the url, we recommend providing a source when initializing the sdk. Refer to our docs for steps on how to do this: https://docs.relay.link/references/sdk/getting-started#configuration @ https://polymarket.com/_next/static/chunks/43850efaacf5e4cc.js?dpl=dpl_FXwfxHFfZ7imvGP4W9pFL7z9rC6x:5
[    1284ms] [ERROR] Failed to load resource: the server responded with a status of 422 () @ https://gamma-api.polymarket.com/is-logged-in:0
[    1611ms] [ERROR] Datadog Browser SDK: DD_LOGS is already initialized. @ https://polymarket.com/_next/static/chunks/43850efaacf5e4cc.js?dpl=dpl_FXwfxHFfZ7imvGP4W9pFL7z9rC6x:5
[    1611ms] [ERROR] Datadog Browser SDK: DD_RUM is already initialized. @ https://polymarket.com/_next/static/chunks/43850efaacf5e4cc.js?dpl=dpl_FXwfxHFfZ7imvGP4W9pFL7z9rC6x:5
[    1628ms] [WARNING] @next/third-parties: GA has not been initialized @ https://polymarket.com/_next/static/chunks/43850efaacf5e4cc.js?dpl=dpl_FXwfxHFfZ7imvGP4W9pFL7z9rC6x:5
[    1632ms] [WARNING] Datadog Browser SDK: Customer data exceeds the recommended 3KiB threshold. More details: https://docs.datadoghq.com/real_user_monitoring/browser/troubleshooting/#customer-data-exceeds-the-recommended-threshold-warning @ https://polymarket.com/_next/static/chunks/43850efaacf5e4cc.js?dpl=dpl_FXwfxHFfZ7imvGP4W9pFL7z9rC6x:5
[    1871ms] [WARNING] @next/third-parties: GA has not been initialized @ https://polymarket.com/_next/static/chunks/43850efaacf5e4cc.js?dpl=dpl_FXwfxHFfZ7imvGP4W9pFL7z9rC6x:5
[    1926ms] [ERROR] Attestation check for Attribution Reporting on https://www.google-analytics.com failed. @ https://polymarket.com/@anciente:0
[    1955ms] [ERROR] Failed to load resource: net::ERR_CERT_AUTHORITY_INVALID @ https://analytics.tiktok.com/i18n/pixel/events.js?sdkid=D2EB49JC77U067DPLNBG&lib=ttq:0
[    1955ms] [ERROR] Failed to load resource: net::ERR_CERT_AUTHORITY_INVALID @ https://tr.snapchat.com/config/com/e8fb67d5-9099-4de2-9750-2c66ef553d13.json?v=3.54.0-2512101929:0
[    1975ms] [ERROR] Failed to load resource: net::ERR_CERT_AUTHORITY_INVALID @ https://tr.snapchat.com/p:0
[    2171ms] [ERROR] Failed to load resource: net::ERR_CERT_AUTHORITY_INVALID @ https://tr.snapchat.com/config/com/e8fb67d5-9099-4de2-9750-2c66ef553d13.json?v=3.54.0-2512101929:0
[    2388ms] [ERROR] Failed to load resource: net::ERR_CERT_AUTHORITY_INVALID @ https://tr.snapchat.com/config/com/e8fb67d5-9099-4de2-9750-2c66ef553d13.json?v=3.54.0-2512101929:0
[    2640ms] [ERROR] Attestation check for Attribution Reporting on https://www.google-analytics.com failed. @ https://polymarket.com/@anciente:0
[    6878ms] [ERROR] Failed to load resource: net::ERR_CERT_AUTHORITY_INVALID @ https://tr.snapchat.com/p:0
[   27505ms] [WARNING] @next/third-parties: GA has not been initialized @ https://polymarket.com/_next/static/chunks/43850efaacf5e4cc.js?dpl=dpl_FXwfxHFfZ7imvGP4W9pFL7z9rC6x:5
[   28571ms] [ERROR] Attestation check for Attribution Reporting on https://www.google-analytics.com failed. @ https://polymarket.com/@anciente?tab=activity:0
[   46296ms] [WARNING] @next/third-parties: GA has not been initialized @ https://polymarket.com/_next/static/chunks/43850efaacf5e4cc.js?dpl=dpl_FXwfxHFfZ7imvGP4W9pFL7z9rC6x:5
[   47264ms] [ERROR] Attestation check for Attribution Reporting on https://www.google-analytics.com failed. @ https://polymarket.com/crypto:0
