[    1119ms] [ERROR] Error: <rect> attribute height: A negative value is not valid. ("-10") @ https://polymarket.com/_next/static/chunks/7b7aaa881b15a9a9.js?dpl=dpl_nw7SFUixptLHfwtAArCajVoaFZF2:16
[    1120ms] [ERROR] Error: <rect> attribute height: A negative value is not valid. ("-10") @ https://polymarket.com/_next/static/chunks/7b7aaa881b15a9a9.js?dpl=dpl_nw7SFUixptLHfwtAArCajVoaFZF2:16
[    1133ms] [ERROR] Error: <rect> attribute height: A negative value is not valid. ("-10") @ https://polymarket.com/_next/static/chunks/7b7aaa881b15a9a9.js?dpl=dpl_nw7SFUixptLHfwtAArCajVoaFZF2:16
[    1340ms] [ERROR] Failed to load resource: the server responded with a status of 422 () @ https://gamma-api.polymarket.com/is-logged-in:0
[    1663ms] [WARNING] Datadog Browser SDK: SDK is loaded more than once. This is unsupported and might have unexpected behavior. @ https://polymarket.com/_next/static/chunks/7b7aaa881b15a9a9.js?dpl=dpl_nw7SFUixptLHfwtAArCajVoaFZF2:5
[    1705ms] [WARNING] RelaySDK automatically generated a source based on the url, we recommend providing a source when initializing the sdk. Refer to our docs for steps on how to do this: https://docs.relay.link/references/sdk/getting-started#configuration @ https://polymarket.com/_next/static/chunks/7b7aaa881b15a9a9.js?dpl=dpl_nw7SFUixptLHfwtAArCajVoaFZF2:5
[    1756ms] [ERROR] Datadog Browser SDK: DD_LOGS is already initialized. @ https://polymarket.com/_next/static/chunks/7b7aaa881b15a9a9.js?dpl=dpl_nw7SFUixptLHfwtAArCajVoaFZF2:5
[    1757ms] [ERROR] Datadog Browser SDK: DD_RUM is already initialized. @ https://polymarket.com/_next/static/chunks/7b7aaa881b15a9a9.js?dpl=dpl_nw7SFUixptLHfwtAArCajVoaFZF2:5
[    1777ms] [ERROR] Failed to load resource: net::ERR_CERT_AUTHORITY_INVALID @ https://analytics.tiktok.com/i18n/pixel/events.js?sdkid=D2EB49JC77U067DPLNBG&lib=ttq:0
[    1826ms] [WARNING] @next/third-parties: GA has not been initialized @ https://polymarket.com/_next/static/chunks/7b7aaa881b15a9a9.js?dpl=dpl_nw7SFUixptLHfwtAArCajVoaFZF2:5
[    1832ms] [ERROR] Failed to load resource: net::ERR_CERT_AUTHORITY_INVALID @ https://tr.snapchat.com/config/com/e8fb67d5-9099-4de2-9750-2c66ef553d13.json?v=3.54.0-2512101929:0
[    1855ms] [ERROR] Attestation check for Attribution Reporting on https://www.google-analytics.com failed. @ https://polymarket.com/profile/0x30cecdf29f069563ea21b8ae94492e41e53a6b2b:0
[    1902ms] [WARNING] Datadog Browser SDK: Customer data exceeds the recommended 3KiB threshold. More details: https://docs.datadoghq.com/real_user_monitoring/browser/troubleshooting/#customer-data-exceeds-the-recommended-threshold-warning @ https://polymarket.com/_next/static/chunks/7b7aaa881b15a9a9.js?dpl=dpl_nw7SFUixptLHfwtAArCajVoaFZF2:5
[    2061ms] [ERROR] Failed to load resource: net::ERR_CERT_AUTHORITY_INVALID @ https://tr.snapchat.com/config/com/e8fb67d5-9099-4de2-9750-2c66ef553d13.json?v=3.54.0-2512101929:0
[    2170ms] [ERROR] Failed to load resource: net::ERR_CERT_AUTHORITY_INVALID @ https://tr.snapchat.com/p:0
[    2278ms] [ERROR] Failed to load resource: net::ERR_CERT_AUTHORITY_INVALID @ https://tr.snapchat.com/config/com/e8fb67d5-9099-4de2-9750-2c66ef553d13.json?v=3.54.0-2512101929:0
[    2620ms] [WARNING] @next/third-parties: GA has not been initialized @ https://polymarket.com/_next/static/chunks/7b7aaa881b15a9a9.js?dpl=dpl_nw7SFUixptLHfwtAArCajVoaFZF2:5
[    3645ms] [ERROR] Attestation check for Attribution Reporting on https://www.google-analytics.com failed. @ https://polymarket.com/@ZXWP:0
[    6445ms] [ERROR] Failed to load resource: the server responded with a status of 403 () @ https://polymarket.com/monitoring?o=462071&p=5464845:0
[    6807ms] [ERROR] Failed to load resource: net::ERR_CERT_AUTHORITY_INVALID @ https://tr.snapchat.com/p:0
